train/wild/0000.png train/wild_gt/0000.png 1108 1478 0.1975642760487145 0.24548736462093862 0.7760487144790257 0.24729241877256317 0.851150202976996 0.7138989169675091 0.13802435723951287 0.7256317689530686
train/wild/0001.png train/wild_gt/0001.png 1548 2064 0.03343023255813953 0.09431524547803617 0.934593023255814 0.1227390180878553 0.9544573643410853 0.874031007751938 0.012596899224806201 0.8972868217054264
train/wild/0002.png train/wild_gt/0002.png 3264 2448 0.006535947712418301 0.3471200980392157 0.9677287581699346 0.3167892156862745 0.9505718954248366 0.7665441176470589 0.059640522875817 0.7579656862745098
train/wild/0003.png train/wild_gt/0003.png 1440 1080 0.13055555555555556 0.30625 0.8888888888888888 0.3013888888888889 0.8944444444444445 0.6583333333333333 0.1287037037037037 0.6652777777777777
train/wild/0004.png train/wild_gt/0004.png 2448 3264 0.15318627450980393 0.26062091503267976 0.8599877450980392 0.25612745098039214 0.8973651960784313 0.869281045751634 0.12928921568627452 0.8790849673202614
train/wild/0005.png train/wild_gt/0005.png 1728 2304 0.109375 0.22280092592592593 0.8997395833333334 0.2193287037037037 0.9053819444444444 0.8744212962962963 0.10850694444444445 0.9039351851851852
train/wild/0006.png train/wild_gt/0006.png 322 484 0.01652892561983471 0.06832298136645963 0.9710743801652892 0.055900621118012424 0.9710743801652892 0.9751552795031055 0.010330578512396695 0.9596273291925466
train/wild/0007.png train/wild_gt/0007.png 1958 2611 0.023745691306013023 0.0965270684371808 0.9639984680199157 0.0965270684371808 0.967828418230563 0.890194075587334 0.02106472615855994 0.8927477017364658
train/wild/0008.png train/wild_gt/0008.png 1495 2662 0.16491359879789633 0.11705685618729098 0.8767843726521413 0.13444816053511705 0.935762584522915 0.9444816053511705 0.12922614575507138 0.9866220735785953
train/wild/0009.png train/wild_gt/0009.png 1597 2129 0.09300140911225928 0.12147777082028804 0.9173320807891029 0.12961803381340012 0.9239079379990606 0.8071383844708829 0.10427430718647253 0.841577958672511
train/wild/0010.png train/wild_gt/0010.png 2129 1597 0.37319974953036944 0.6336308125880695 0.5942391984971822 0.6223579145138562 0.5979962429555417 0.7158290277125411 0.38384470882905447 0.7266322217003288
train/wild/0011.png train/wild_gt/0011.png 2359 1327 0.1439336850037679 0.5752437473505723 0.8470233609645818 0.5752437473505723 0.8304446119065562 0.8041543026706232 0.16051243406179352 0.8020347604917338
train/wild/0012.png train/wild_gt/0012.png 3024 4032 0.08308531746031746 0.12268518518518519 0.941468253968254 0.1306216931216931 0.9372519841269841 0.83994708994709 0.08407738095238096 0.8564814814814815
train/wild/0013.png train/wild_gt/0013.png 1280 960 0.21666666666666667 0.68125 0.8010416666666667 0.6734375 0.8041666666666667 0.93671875 0.23333333333333334 0.93828125
train/wild/0014.png train/wild_gt/0014.png 1280 720 0.2 0.56328125 0.7097222222222223 0.56953125 0.7027777777777777 0.75390625 0.19027777777777777 0.759375
train/wild/0015.png train/wild_gt/0015.png 4032 3024 0.2294973544973545 0.3864087301587302 0.8736772486772487 0.3819444444444444 0.8971560846560847 0.6939484126984127 0.21957671957671956 0.6954365079365079
train/wild/0016.png train/wild_gt/0016.png 1108 1477 0.11103588354773189 0.27256317689530685 0.8016249153689912 0.2563176895306859 0.8361543669600542 0.855595667870036 0.08666215301286391 0.868231046931408
train/wild/0017.png train/wild_gt/0017.png 2359 1769 0.15093273035613342 0.6083086053412463 0.6828716789146411 0.6049173378550233 0.6936122102882984 0.8622297583721916 0.14867156585641605 0.8698601102161932
train/wild/0018.png train/wild_gt/0018.png 1769 2359 0.055955913522679104 0.16732617297908423 0.9385332768122086 0.1520633126059921 0.9355659177617635 0.9061616732617298 0.05934718100890208 0.894855850763143
train/wild/0019.png train/wild_gt/0019.png 1280 960 0.3645833333333333 0.49765625 0.771875 0.50390625 0.7697916666666667 0.70078125 0.35833333333333334 0.6859375
train/wild/0020.png train/wild_gt/0020.png 810 810 0.3506172839506173 0.6172839506172839 0.7790123456790123 0.6296296296296297 0.7765432098765432 0.9037037037037037 0.3469135802469136 0.8839506172839506
train/wild/0021.png train/wild_gt/0021.png 960 1280 0.03828125 0.096875 0.95625 0.08645833333333333 0.95 0.834375 0.06171875 0.859375
train/wild/0022.png train/wild_gt/0022.png 2129 1597 0.34940513462742645 0.611085016439643 0.593613024420789 0.6261155472052606 0.5810895428929242 0.7317989666510099 0.3437695679398873 0.7186472522310944
train/wild/0023.png train/wild_gt/0023.png 1769 2359 0.11318355235269181 0.2560768795929904 0.9610004239084358 0.28094968908988127 0.9491309877066554 0.9932165065008479 0.1030097498940229 0.971735443753533
train/wild/0024.png train/wild_gt/0024.png 1760 2841 0.009855684618092221 0.005681818181818182 0.9845124956001408 0.014772727272727272 0.9982400563181978 0.9971590909090909 -0.00035198873636043646 0.9920454545454546
train/wild/0025.png train/wild_gt/0025.png 2592 4608 0.2877604166666667 0.18055555555555555 0.8142361111111112 0.21682098765432098 0.7827690972222222 0.7712191358024691 0.2897135416666667 0.7554012345679012
train/wild/0026.png train/wild_gt/0026.png 1280 960 0.18020833333333333 0.6484375 0.8479166666666667 0.66328125 0.8479166666666667 0.99140625 0.15208333333333332 0.98359375
train/wild/0027.png train/wild_gt/0027.png 1888 2919 0.014388489208633094 0.012711864406779662 0.987667009249743 0.018538135593220338 0.9965741692360397 0.9703389830508474 0.004796163069544364 0.9729872881355932
train/wild/0028.png train/wild_gt/0028.png 1976 1484 0.26819407008086255 0.4757085020242915 0.6839622641509434 0.4757085020242915 0.6758760107816711 0.6654858299595142 0.2702156334231806 0.6654858299595142
train/wild/0029.png train/wild_gt/0029.png 1920 1080 0.26296296296296295 0.5463541666666667 0.7037037037037037 0.5489583333333333 0.7074074074074074 0.7104166666666667 0.2518518518518518 0.7088541666666667
train/wild/0030.png train/wild_gt/0030.png 655 1080 0.0 0.0 0.9805555555555555 0.0 0.9944444444444445 0.981679389312977 0.001851851851851852 0.9862595419847329
train/wild/0031.png train/wild_gt/0031.png 1152 2048 0.1220703125 0.07378472222222222 0.85595703125 0.0685763888888889 0.86474609375 0.8993055555555556 0.115234375 0.9036458333333334
train/wild/0032.png train/wild_gt/0032.png 2088 1566 0.04853128991060025 0.2681992337164751 0.991698595146871 0.2581417624521073 0.9865900383141762 0.7049808429118773 0.07088122605363985 0.7001915708812261
train/wild/0033.png train/wild_gt/0033.png 1478 1108 0.0631768953068592 0.37889039242219213 0.9512635379061372 0.35182679296346414 0.9638989169675091 0.7719891745602165 0.09386281588447654 0.7889039242219216
train/wild/0034.png train/wild_gt/0034.png 2088 1566 0.1334610472541507 0.5067049808429118 0.8263090676883781 0.5387931034482759 0.7822477650063857 0.8395593869731801 0.11685823754789272 0.8290229885057471
train/wild/0035.png train/wild_gt/0035.png 1769 2359 0.08266214497668503 0.22328999434708874 0.8431538787621874 0.28603730921424536 0.8694362017804155 0.899943470887507 0.05383637134378974 0.9734313171283211
train/wild/0036.png train/wild_gt/0036.png 1440 1080 0.018518518518518517 0.32916666666666666 0.9712962962962963 0.33402777777777776 0.9685185185185186 0.7805555555555556 0.007407407407407408 0.7756944444444445
train/wild/0037.png train/wild_gt/0037.png 1566 2088 0.02586206896551724 0.08045977011494253 0.9731800766283525 0.09386973180076628 0.9889846743295019 0.8844189016602809 0.021551724137931036 0.9061302681992337
train/wild/0038.png train/wild_gt/0038.png 3024 3024 0.06613756613756613 0.26851851851851855 0.9464285714285714 0.2638888888888889 0.9447751322751323 0.8184523809523809 0.06977513227513228 0.8171296296296297
train/wild/0039.png train/wild_gt/0039.png 2088 1566 0.31226053639846746 0.7442528735632183 0.6998722860791826 0.7787356321839081 0.677522349936143 0.9659961685823755 0.2879948914431673 0.928639846743295
train/wild/0040.png train/wild_gt/0040.png 2060 1545 0.1423948220064725 0.7907766990291262 0.6077669902912621 0.7854368932038835 0.5980582524271845 0.996116504854369 0.1313915857605178 1.000485436893204
train/wild/0041.png train/wild_gt/0041.png 1108 1478 0.04803788903924222 0.10379061371841156 0.956021650879567 0.11281588447653429 0.9330175913396481 0.8348375451263538 0.07307171853856563 0.8655234657039711
train/wild/0042.png train/wild_gt/0042.png 1976 1484 0.30121293800539084 0.6381578947368421 0.7944743935309974 0.6406882591093117 0.8012129380053908 0.8871457489878543 0.28975741239892183 0.8810728744939271
train/wild/0043.png train/wild_gt/0043.png 2322 4128 0.12911821705426357 0.08096468561584841 0.8037790697674418 0.06675279931093885 0.8258236434108527 0.8449612403100775 0.1119186046511628 0.8484065460809647
train/wild/0044.png train/wild_gt/0044.png 1280 960 0.2864583333333333 0.71328125 0.75 0.70703125 0.753125 0.9203125 0.28958333333333336 0.92890625
train/wild/0045.png train/wild_gt/0045.png 2129 1597 0.12210394489668128 0.44903710662282764 0.8340638697557922 0.45091592296852984 0.8484658735128365 0.7928604978863316 0.10770194113963683 0.7989666510098637
train/wild/0046.png train/wild_gt/0046.png 2088 1566 0.3116219667943806 0.6029693486590039 0.6871008939974457 0.6096743295019157 0.6998722860791826 0.7983716475095786 0.29693486590038315 0.8022030651340997
train/wild/0047.png train/wild_gt/0047.png 2419 3225 0.40744186046511627 0.45597354278627533 0.5193798449612403 0.4596940884663084 0.5193798449612403 0.5481603968582058 0.40930232558139534 0.5460934270359653
train/wild/0048.png train/wild_gt/0048.png 2211 2949 0.2102407595795185 0.2772501130710086 0.8836893862326213 0.2704658525554048 0.8782638182434723 0.8371777476255088 0.2119362495761275 0.8335594753505201
train/wild/0049.png train/wild_gt/0049.png 1976 1484 0.3443396226415094 0.7383603238866396 0.8355795148247979 0.7469635627530364 0.8483827493261455 0.9954453441295547 0.3490566037735849 0.9645748987854251
train/wild/0050.png train/wild_gt/0050.png 349 533 0.028142589118198873 0.022922636103151862 0.9643527204502814 0.03151862464183381 0.9699812382739212 0.9455587392550143 0.0225140712945591 0.9312320916905444
train/wild/0051.png train/wild_gt/0051.png 1990 2637 0.14372392870686387 0.2442211055276382 0.8293515358361775 0.24271356783919598 0.8331437239287068 0.8170854271356784 0.1410693970420933 0.8206030150753769
train/wild/0052.png train/wild_gt/0052.png 1976 1484 0.3975741239892183 0.6057692307692307 0.8200808625336927 0.6153846153846154 0.8099730458221024 0.8071862348178138 0.3921832884097035 0.7960526315789473
train/wild/0053.png train/wild_gt/0053.png 2419 3225 0.0524031007751938 0.11740388590326581 0.9265116279069767 0.11161637040099215 0.9389147286821705 0.864406779661017 0.029147286821705427 0.8586192641587432
train/wild/0054.png train/wild_gt/0054.png 802 1080 0.06018518518518518 0.16957605985037408 0.9046296296296297 0.16957605985037408 0.9064814814814814 0.8877805486284289 0.05555555555555555 0.8877805486284289
train/wild/0055.png train/wild_gt/0055.png 3264 2448 0.11764705882352941 0.32965686274509803 0.9338235294117647 0.3560049019607843 0.9436274509803921 0.7395833333333334 0.09395424836601307 0.7371323529411765
train/wild/0056.png train/wild_gt/0056.png 3024 4032 0.021577380952380952 0.09226190476190477 0.9719742063492064 0.08035714285714286 0.9747023809523809 0.9001322751322751 0.018849206349206348 0.8832671957671958
train/wild/0057.png train/wild_gt/0057.png 1494 2656 0.1374246987951807 0.1894243641231593 0.7643072289156626 0.17336010709504684 0.7759789156626506 0.8614457831325302 0.13930722891566266 0.9210174029451138
train/wild/0058.png train/wild_gt/0058.png 810 1080 0.07222222222222222 0.1419753086419753 0.9435185185185185 0.16419753086419753 0.9731481481481481 0.8950617283950617 0.03888888888888889 0.9234567901234568
